<?xml version="1.0" encoding="UTF-8"?>
<!-- Generated by org.testng.reporters.JUnitReportReporter -->
<testsuite skipped="0" hostname="DESKTOP-6LTHM3H" name="testCases.Tc1_ValidateGet" tests="1" failures="0" timestamp="24 Dec 2020 05:06:25 GMT" time="1.586" errors="0">
  <testcase name="getWeatherdatails" time="1.586" classname="testCases.Tc1_ValidateGet"/>
</testsuite> <!-- testCases.Tc1_ValidateGet -->
